[debug] [2022-09-02T11:27:26.515Z] ----------------------------------------------------------------------
[debug] [2022-09-02T11:27:26.518Z] Command:       C:\Program Files\nodejs\node.exe C:\Users\giber\AppData\Roaming\npm\node_modules\firebase-tools\lib\bin\firebase.js init
[debug] [2022-09-02T11:27:26.519Z] CLI Version:   11.2.2
[debug] [2022-09-02T11:27:26.519Z] Platform:      win32
[debug] [2022-09-02T11:27:26.520Z] Node Version:  v18.0.0
[debug] [2022-09-02T11:27:26.528Z] Time:          Fri Sep 02 2022 14:27:26 GMT+0300 (שעון ישראל (קיץ))
[debug] [2022-09-02T11:27:26.528Z] ----------------------------------------------------------------------
[debug] 
[debug] [2022-09-02T11:27:26.534Z] >>> [apiv2][query] GET https://firebase-public.firebaseio.com/cli.json [none]
[debug] [2022-09-02T11:27:26.665Z] > command requires scopes: ["email","openid","https://www.googleapis.com/auth/cloudplatformprojects.readonly","https://www.googleapis.com/auth/firebase","https://www.googleapis.com/auth/cloud-platform"]
[debug] [2022-09-02T11:27:26.666Z] > authorizing via signed-in user (gibergjavier@gmail.com)
[info] 
     ######## #### ########  ######## ########     ###     ######  ########
     ##        ##  ##     ## ##       ##     ##  ##   ##  ##       ##
     ######    ##  ########  ######   ########  #########  ######  ######
     ##        ##  ##    ##  ##       ##     ## ##     ##       ## ##
     ##       #### ##     ## ######## ########  ##     ##  ######  ########

You're about to initialize a Firebase project in this directory:

  C:\React Native\MEALSAPP

Before we get started, keep in mind:

  * You are currently outside your home directory

[debug] [2022-09-02T11:27:27.177Z] <<< [apiv2][status] GET https://firebase-public.firebaseio.com/cli.json 200
[debug] [2022-09-02T11:27:27.177Z] <<< [apiv2][body] GET https://firebase-public.firebaseio.com/cli.json {"cloudBuildErrorAfter":1594252800000,"cloudBuildWarnAfter":1590019200000,"defaultNode10After":1594252800000,"minVersion":"3.0.5","node8DeploysDisabledAfter":1613390400000,"node8RuntimeDisabledAfter":1615809600000,"node8WarnAfter":1600128000000}
